<?xml version="1.0" encoding="UTF-8"?>
<coverage generated="1686038672469" clover="3.2.0">
  <project timestamp="1686038672469" name="All files">
    <metrics statements="24" coveredstatements="20" conditionals="0" coveredconditionals="0" methods="12" coveredmethods="9" elements="36" coveredelements="29" complexity="0" loc="24" ncloc="24" packages="1" files="8" classes="8"/>
    <file name="Subtract.js" path="E:\Programing\GitHub\WebDev2022-2023\Jest\tutorial\Subtract.js">
      <metrics statements="2" coveredstatements="2" conditionals="0" coveredconditionals="0" methods="1" coveredmethods="1"/>
      <line num="2" count="1" type="stmt"/>
      <line num="5" count="1" type="stmt"/>
    </file>
    <file name="array.js" path="E:\Programing\GitHub\WebDev2022-2023\Jest\tutorial\array.js">
      <metrics statements="2" coveredstatements="2" conditionals="0" coveredconditionals="0" methods="1" coveredmethods="1"/>
      <line num="4" count="1" type="stmt"/>
      <line num="7" count="1" type="stmt"/>
    </file>
    <file name="async.js" path="E:\Programing\GitHub\WebDev2022-2023\Jest\tutorial\async.js">
      <metrics statements="9" coveredstatements="5" conditionals="0" coveredconditionals="0" methods="4" coveredmethods="1"/>
      <line num="5" count="2" type="stmt"/>
      <line num="6" count="2" type="stmt"/>
      <line num="7" count="2" type="stmt"/>
      <line num="9" count="2" type="stmt"/>
      <line num="12" count="0" type="stmt"/>
      <line num="21" count="0" type="stmt"/>
      <line num="23" count="0" type="stmt"/>
      <line num="26" count="0" type="stmt"/>
      <line num="39" count="1" type="stmt"/>
    </file>
    <file name="cloneArray.js" path="E:\Programing\GitHub\WebDev2022-2023\Jest\tutorial\cloneArray.js">
      <metrics statements="2" coveredstatements="2" conditionals="0" coveredconditionals="0" methods="1" coveredmethods="1"/>
      <line num="3" count="2" type="stmt"/>
      <line num="6" count="1" type="stmt"/>
    </file>
    <file name="numbers.js" path="E:\Programing\GitHub\WebDev2022-2023\Jest\tutorial\numbers.js">
      <metrics statements="2" coveredstatements="2" conditionals="0" coveredconditionals="0" methods="1" coveredmethods="1"/>
      <line num="7" count="3" type="stmt"/>
      <line num="10" count="1" type="stmt"/>
    </file>
    <file name="string.js" path="E:\Programing\GitHub\WebDev2022-2023\Jest\tutorial\string.js">
      <metrics statements="2" coveredstatements="2" conditionals="0" coveredconditionals="0" methods="1" coveredmethods="1"/>
      <line num="6" count="2" type="stmt"/>
      <line num="9" count="1" type="stmt"/>
    </file>
    <file name="sum.js" path="E:\Programing\GitHub\WebDev2022-2023\Jest\tutorial\sum.js">
      <metrics statements="2" coveredstatements="2" conditionals="0" coveredconditionals="0" methods="1" coveredmethods="1"/>
      <line num="3" count="1" type="stmt"/>
      <line num="10" count="1" type="stmt"/>
    </file>
    <file name="truthiness.js" path="E:\Programing\GitHub\WebDev2022-2023\Jest\tutorial\truthiness.js">
      <metrics statements="3" coveredstatements="3" conditionals="0" coveredconditionals="0" methods="2" coveredmethods="2"/>
      <line num="4" count="1" type="stmt"/>
      <line num="8" count="1" type="stmt"/>
      <line num="13" count="1" type="stmt"/>
    </file>
  </project>
</coverage>
