{"E:\\Programing\\GitHub\\WebDev2022-2023\\Jest\\tutorial\\BeforeAndAfter.js": {"path":"E:\\Programing\\GitHub\\WebDev2022-2023\\Jest\\tutorial\\BeforeAndAfter.js","statementMap":{"0":{"start":{"line":3,"column":20},"end":{"line":5,"column":1}},"1":{"start":{"line":4,"column":4},"end":{"line":4,"column":31}},"2":{"start":{"line":7,"column":19},"end":{"line":9,"column":1}},"3":{"start":{"line":8,"column":4},"end":{"line":8,"column":34}},"4":{"start":{"line":11,"column":12},"end":{"line":14,"column":1}},"5":{"start":{"line":12,"column":4},"end":{"line":12,"column":14}},"6":{"start":{"line":16,"column":16},"end":{"line":18,"column":1}},"7":{"start":{"line":17,"column":4},"end":{"line":17,"column":14}},"8":{"start":{"line":21,"column":0},"end":{"line":21,"column":55}}},"fnMap":{"0":{"name":"(anonymous_0)","decl":{"start":{"line":3,"column":20},"end":{"line":3,"column":21}},"loc":{"start":{"line":3,"column":24},"end":{"line":5,"column":1}},"line":3},"1":{"name":"(anonymous_1)","decl":{"start":{"line":7,"column":19},"end":{"line":7,"column":20}},"loc":{"start":{"line":7,"column":23},"end":{"line":9,"column":1}},"line":7},"2":{"name":"(anonymous_2)","decl":{"start":{"line":11,"column":12},"end":{"line":11,"column":13}},"loc":{"start":{"line":11,"column":19},"end":{"line":14,"column":1}},"line":11},"3":{"name":"(anonymous_3)","decl":{"start":{"line":16,"column":16},"end":{"line":16,"column":17}},"loc":{"start":{"line":16,"column":23},"end":{"line":18,"column":1}},"line":16}},"branchMap":{},"s":{"0":1,"1":1,"2":1,"3":1,"4":1,"5":1,"6":1,"7":1,"8":1},"f":{"0":1,"1":1,"2":1,"3":1},"b":{},"_coverageSchema":"1a1c01bbd47fc00a2c39e90264f33305004495a9","hash":"6f8c95d9e5110a3aae0e80ccbd6cee148b6c5aa2"}
,"E:\\Programing\\GitHub\\WebDev2022-2023\\Jest\\tutorial\\Subtract.js": {"path":"E:\\Programing\\GitHub\\WebDev2022-2023\\Jest\\tutorial\\Subtract.js","statementMap":{"0":{"start":{"line":2,"column":4},"end":{"line":2,"column":16}},"1":{"start":{"line":5,"column":0},"end":{"line":5,"column":25}}},"fnMap":{"0":{"name":"subtract","decl":{"start":{"line":1,"column":9},"end":{"line":1,"column":17}},"loc":{"start":{"line":1,"column":23},"end":{"line":3,"column":1}},"line":1}},"branchMap":{},"s":{"0":1,"1":1},"f":{"0":1},"b":{},"_coverageSchema":"1a1c01bbd47fc00a2c39e90264f33305004495a9","hash":"803f099f13dfbda6d5ec2b3d4384990e6a1f88f1"}
,"E:\\Programing\\GitHub\\WebDev2022-2023\\Jest\\tutorial\\algorithm.js": {"path":"E:\\Programing\\GitHub\\WebDev2022-2023\\Jest\\tutorial\\algorithm.js","statementMap":{"0":{"start":{"line":3,"column":22},"end":{"line":6,"column":1}},"1":{"start":{"line":4,"column":4},"end":{"line":4,"column":57}},"2":{"start":{"line":7,"column":0},"end":{"line":7,"column":20}},"3":{"start":{"line":11,"column":0},"end":{"line":11,"column":30}}},"fnMap":{"0":{"name":"(anonymous_0)","decl":{"start":{"line":3,"column":22},"end":{"line":3,"column":23}},"loc":{"start":{"line":3,"column":29},"end":{"line":6,"column":1}},"line":3}},"branchMap":{},"s":{"0":1,"1":2,"2":1,"3":1},"f":{"0":2},"b":{},"_coverageSchema":"1a1c01bbd47fc00a2c39e90264f33305004495a9","hash":"42db9b6bd899d784d09b2014373254c4284db1b9"}
,"E:\\Programing\\GitHub\\WebDev2022-2023\\Jest\\tutorial\\array.js": {"path":"E:\\Programing\\GitHub\\WebDev2022-2023\\Jest\\tutorial\\array.js","statementMap":{"0":{"start":{"line":4,"column":4},"end":{"line":4,"column":17}},"1":{"start":{"line":7,"column":0},"end":{"line":7,"column":26}}},"fnMap":{"0":{"name":"ArrayFunc","decl":{"start":{"line":3,"column":9},"end":{"line":3,"column":18}},"loc":{"start":{"line":3,"column":25},"end":{"line":5,"column":1}},"line":3}},"branchMap":{},"s":{"0":1,"1":1},"f":{"0":1},"b":{},"_coverageSchema":"1a1c01bbd47fc00a2c39e90264f33305004495a9","hash":"8b0946601a0a52aabdb72bb7db4a8444d55ea5cd"}
,"E:\\Programing\\GitHub\\WebDev2022-2023\\Jest\\tutorial\\async.js": {"path":"E:\\Programing\\GitHub\\WebDev2022-2023\\Jest\\tutorial\\async.js","statementMap":{"0":{"start":{"line":5,"column":4},"end":{"line":13,"column":9}},"1":{"start":{"line":6,"column":20},"end":{"line":6,"column":79}},"2":{"start":{"line":7,"column":21},"end":{"line":7,"column":37}},"3":{"start":{"line":9,"column":8},"end":{"line":9,"column":19}},"4":{"start":{"line":12,"column":8},"end":{"line":12,"column":20}},"5":{"start":{"line":21,"column":4},"end":{"line":27,"column":6}},"6":{"start":{"line":23,"column":8},"end":{"line":23,"column":23}},"7":{"start":{"line":26,"column":9},"end":{"line":26,"column":20}},"8":{"start":{"line":39,"column":0},"end":{"line":39,"column":39}}},"fnMap":{"0":{"name":"FetchData","decl":{"start":{"line":3,"column":15},"end":{"line":3,"column":24}},"loc":{"start":{"line":3,"column":26},"end":{"line":15,"column":1}},"line":3},"1":{"name":"FetchData2","decl":{"start":{"line":20,"column":15},"end":{"line":20,"column":25}},"loc":{"start":{"line":20,"column":27},"end":{"line":32,"column":1}},"line":20},"2":{"name":"(anonymous_2)","decl":{"start":{"line":22,"column":10},"end":{"line":22,"column":11}},"loc":{"start":{"line":23,"column":8},"end":{"line":23,"column":23}},"line":23},"3":{"name":"(anonymous_3)","decl":{"start":{"line":24,"column":10},"end":{"line":24,"column":11}},"loc":{"start":{"line":24,"column":18},"end":{"line":27,"column":5}},"line":24}},"branchMap":{},"s":{"0":2,"1":2,"2":2,"3":2,"4":0,"5":0,"6":0,"7":0,"8":1},"f":{"0":2,"1":0,"2":0,"3":0},"b":{},"_coverageSchema":"1a1c01bbd47fc00a2c39e90264f33305004495a9","hash":"06b478ab4f9d2372cfb5a2ef4bfb7f28e39d6d1b"}
,"E:\\Programing\\GitHub\\WebDev2022-2023\\Jest\\tutorial\\cloneArray.js": {"path":"E:\\Programing\\GitHub\\WebDev2022-2023\\Jest\\tutorial\\cloneArray.js","statementMap":{"0":{"start":{"line":3,"column":4},"end":{"line":3,"column":21}},"1":{"start":{"line":6,"column":0},"end":{"line":6,"column":27}}},"fnMap":{"0":{"name":"cloneArray","decl":{"start":{"line":2,"column":9},"end":{"line":2,"column":19}},"loc":{"start":{"line":2,"column":26},"end":{"line":4,"column":1}},"line":2}},"branchMap":{},"s":{"0":2,"1":1},"f":{"0":2},"b":{},"_coverageSchema":"1a1c01bbd47fc00a2c39e90264f33305004495a9","hash":"7b67729c3bdec95a9e766155508cae0ad28982cb"}
,"E:\\Programing\\GitHub\\WebDev2022-2023\\Jest\\tutorial\\numbers.js": {"path":"E:\\Programing\\GitHub\\WebDev2022-2023\\Jest\\tutorial\\numbers.js","statementMap":{"0":{"start":{"line":7,"column":4},"end":{"line":7,"column":14}},"1":{"start":{"line":10,"column":0},"end":{"line":10,"column":24}}},"fnMap":{"0":{"name":"Numbers","decl":{"start":{"line":6,"column":9},"end":{"line":6,"column":16}},"loc":{"start":{"line":6,"column":21},"end":{"line":8,"column":1}},"line":6}},"branchMap":{},"s":{"0":3,"1":1},"f":{"0":3},"b":{},"_coverageSchema":"1a1c01bbd47fc00a2c39e90264f33305004495a9","hash":"19d2bf24d9790cd90abe9131071dfad5f2d56624"}
,"E:\\Programing\\GitHub\\WebDev2022-2023\\Jest\\tutorial\\string.js": {"path":"E:\\Programing\\GitHub\\WebDev2022-2023\\Jest\\tutorial\\string.js","statementMap":{"0":{"start":{"line":6,"column":4},"end":{"line":6,"column":14}},"1":{"start":{"line":9,"column":0},"end":{"line":9,"column":27}}},"fnMap":{"0":{"name":"StringFunc","decl":{"start":{"line":4,"column":9},"end":{"line":4,"column":19}},"loc":{"start":{"line":4,"column":24},"end":{"line":7,"column":1}},"line":4}},"branchMap":{},"s":{"0":2,"1":1},"f":{"0":2},"b":{},"_coverageSchema":"1a1c01bbd47fc00a2c39e90264f33305004495a9","hash":"d000a145636de2b568438eaeb4b3a7dd2e4dda47"}
,"E:\\Programing\\GitHub\\WebDev2022-2023\\Jest\\tutorial\\sum.js": {"path":"E:\\Programing\\GitHub\\WebDev2022-2023\\Jest\\tutorial\\sum.js","statementMap":{"0":{"start":{"line":3,"column":4},"end":{"line":3,"column":14}},"1":{"start":{"line":10,"column":0},"end":{"line":10,"column":20}}},"fnMap":{"0":{"name":"sum","decl":{"start":{"line":2,"column":9},"end":{"line":2,"column":12}},"loc":{"start":{"line":2,"column":18},"end":{"line":4,"column":1}},"line":2}},"branchMap":{},"s":{"0":1,"1":1},"f":{"0":1},"b":{},"_coverageSchema":"1a1c01bbd47fc00a2c39e90264f33305004495a9","hash":"dbdc0abd92e1ae22d70aff23b9d944732f6ab71a"}
,"E:\\Programing\\GitHub\\WebDev2022-2023\\Jest\\tutorial\\truthiness.js": {"path":"E:\\Programing\\GitHub\\WebDev2022-2023\\Jest\\tutorial\\truthiness.js","statementMap":{"0":{"start":{"line":4,"column":4},"end":{"line":4,"column":20}},"1":{"start":{"line":8,"column":4},"end":{"line":8,"column":15}},"2":{"start":{"line":13,"column":0},"end":{"line":13,"column":52}}},"fnMap":{"0":{"name":"UndefinedFunction","decl":{"start":{"line":3,"column":9},"end":{"line":3,"column":26}},"loc":{"start":{"line":3,"column":29},"end":{"line":5,"column":1}},"line":3},"1":{"name":"NullFunction","decl":{"start":{"line":7,"column":9},"end":{"line":7,"column":21}},"loc":{"start":{"line":7,"column":24},"end":{"line":9,"column":1}},"line":7}},"branchMap":{},"s":{"0":1,"1":1,"2":1},"f":{"0":1,"1":1},"b":{},"_coverageSchema":"1a1c01bbd47fc00a2c39e90264f33305004495a9","hash":"7a2de2b29a7feee5e9c2c19ffcc17562aa26daab"}
}
