TN:
SF:Subtract.js
FN:1,subtract
FNF:1
FNH:1
FNDA:1,subtract
DA:2,1
DA:5,1
LF:2
LH:2
BRF:0
BRH:0
end_of_record
TN:
SF:array.js
FN:3,ArrayFunc
FNF:1
FNH:1
FNDA:1,ArrayFunc
DA:4,1
DA:7,1
LF:2
LH:2
BRF:0
BRH:0
end_of_record
TN:
SF:async.js
FN:3,FetchData
FN:20,FetchData2
FN:22,(anonymous_2)
FN:24,(anonymous_3)
FNF:4
FNH:1
FNDA:2,FetchData
FNDA:0,FetchData2
FNDA:0,(anonymous_2)
FNDA:0,(anonymous_3)
DA:5,2
DA:6,2
DA:7,2
DA:9,2
DA:12,0
DA:21,0
DA:23,0
DA:26,0
DA:39,1
LF:9
LH:5
BRF:0
BRH:0
end_of_record
TN:
SF:cloneArray.js
FN:2,cloneArray
FNF:1
FNH:1
FNDA:2,cloneArray
DA:3,2
DA:6,1
LF:2
LH:2
BRF:0
BRH:0
end_of_record
TN:
SF:numbers.js
FN:6,Numbers
FNF:1
FNH:1
FNDA:3,Numbers
DA:7,3
DA:10,1
LF:2
LH:2
BRF:0
BRH:0
end_of_record
TN:
SF:string.js
FN:4,StringFunc
FNF:1
FNH:1
FNDA:2,StringFunc
DA:6,2
DA:9,1
LF:2
LH:2
BRF:0
BRH:0
end_of_record
TN:
SF:sum.js
FN:2,sum
FNF:1
FNH:1
FNDA:1,sum
DA:3,1
DA:10,1
LF:2
LH:2
BRF:0
BRH:0
end_of_record
TN:
SF:truthiness.js
FN:3,UndefinedFunction
FN:7,NullFunction
FNF:2
FNH:2
FNDA:1,UndefinedFunction
FNDA:1,NullFunction
DA:4,1
DA:8,1
DA:13,1
LF:3
LH:3
BRF:0
BRH:0
end_of_record
